<?xml version="1.0" encoding="UTF-8"?>
<!-- Generated by org.testng.reporters.JUnitReportReporter -->
<testsuite hostname="WoW" failures="0" tests="1" name="AlertBasic.AlertSendKy" time="6.327" errors="0" timestamp="2023-08-23T21:06:41 ICT" skipped="0">
  <testcase classname="AlertBasic.AlertSendKy" name="TestAlert" time="6.327"/>
</testsuite> <!-- AlertBasic.AlertSendKy -->
