<?xml version="1.0" encoding="UTF-8"?>
<!-- Generated by org.testng.reporters.JUnitReportReporter -->
<testsuite hostname="WoW" failures="0" tests="1" name="automation.testsuite.LoginTest" time="1.532" errors="0" timestamp="2023-08-16T18:30:00 ICT" skipped="0">
  <testcase classname="automation.testsuite.LoginTest" name="loginFail" time="1.532"/>
</testsuite> <!-- automation.testsuite.LoginTest -->
