<?xml version="1.0" encoding="UTF-8"?>
<!-- Generated by org.testng.reporters.JUnitReportReporter -->
<testsuite hostname="WoW" failures="0" tests="2" name="WindowsPopup.IFrame" time="17.964" errors="0" timestamp="2023-08-30T17:32:40 ICT" skipped="0">
  <testcase classname="WindowsPopup.IFrame" name="findIFrame1" time="13.057"/>
  <testcase classname="WindowsPopup.IFrame" name="handleIFrame" time="4.907"/>
</testsuite> <!-- WindowsPopup.IFrame -->
