<?xml version="1.0" encoding="UTF-8"?>
<!-- Generated by org.testng.reporters.JUnitReportReporter -->
<testsuite hostname="WoW" failures="0" tests="1" name="WindowsPopup.WindowPupop" time="3.542" errors="0" timestamp="2023-08-30T17:46:11 ICT" skipped="0">
  <testcase classname="WindowsPopup.WindowPupop" name="TestPupopWindow" time="3.542"/>
</testsuite> <!-- WindowsPopup.WindowPupop -->
