<?xml version="1.0" encoding="UTF-8"?>
<!-- Generated by org.testng.reporters.JUnitReportReporter -->
<testsuite hostname="WoW" failures="0" tests="2" name="WindowsPopup.IframeLogin" time="17.089" errors="0" timestamp="2023-08-30T18:40:25 ICT" skipped="0">
  <testcase classname="WindowsPopup.IframeLogin" name="findIFrame1" time="13.899"/>
  <testcase classname="WindowsPopup.IframeLogin" name="handleIFrame" time="3.190"/>
</testsuite> <!-- WindowsPopup.IframeLogin -->
