<?xml version="1.0" encoding="UTF-8"?>
<!-- Generated by org.testng.reporters.JUnitReportReporter -->
<testsuite hostname="WoW" failures="0" tests="4" name="automation.testsuite.LoginTest" time="9.620" errors="0" timestamp="2023-09-18T10:36:50 ICT" skipped="0">
  <testcase classname="automation.testsuite.LoginTest" name="loginFailEmail" time="1.604"/>
  <testcase classname="automation.testsuite.LoginTest" name="loginFail_IncorrectPass" time="1.622"/>
  <testcase classname="automation.testsuite.LoginTest" name="loginFail" time="1.707"/>
  <testcase classname="automation.testsuite.LoginTest" name="loginSuccessfully" time="4.687"/>
</testsuite> <!-- automation.testsuite.LoginTest -->
