<?xml version="1.0" encoding="UTF-8"?>
<!-- Generated by org.testng.reporters.JUnitReportReporter -->
<testsuite hostname="WoW" failures="0" tests="1" name="automation.testsuite.LoginTestFactory" time="7.091" errors="0" timestamp="2023-08-16T20:08:05 ICT" skipped="0">
  <testcase classname="automation.testsuite.LoginTestFactory" name="loginSuccessfully" time="7.091"/>
</testsuite> <!-- automation.testsuite.LoginTestFactory -->
