<?xml version="1.0" encoding="UTF-8"?>
<!-- Generated by org.testng.reporters.JUnitReportReporter -->
<testsuite hostname="WoW" failures="0" tests="2" name="WindowsPopup.IFrame" time="18.068" errors="0" timestamp="2023-08-30T10:38:10 ICT" skipped="0">
  <testcase classname="WindowsPopup.IFrame" name="findIFrame1" time="14.180"/>
  <testcase classname="WindowsPopup.IFrame" name="handleIFrame" time="3.888"/>
</testsuite> <!-- WindowsPopup.IFrame -->
