<?xml version="1.0" encoding="UTF-8"?>
<!-- Generated by org.testng.reporters.JUnitReportReporter -->
<testsuite hostname="WoW" failures="0" tests="2" name="automation.testsuite.SearchFlights_Day16" time="0.667" errors="0" timestamp="2023-08-30T21:08:26 ICT" skipped="0">
  <testcase classname="automation.testsuite.SearchFlights_Day16" name="ChooseDatePicker" time="0.353"/>
  <testcase classname="automation.testsuite.SearchFlights_Day16" name="ChooseDatePicker" time="0.314"/>
</testsuite> <!-- automation.testsuite.SearchFlights_Day16 -->
