<?xml version="1.0" encoding="UTF-8"?>
<!-- Generated by org.testng.reporters.JUnitReportReporter -->
<testsuite hostname="WoW" failures="0" tests="1" name="automation.testsuite.LoginTestFactory" time="9.770" errors="0" timestamp="2023-09-18T11:07:13 ICT" skipped="0">
  <testcase classname="automation.testsuite.LoginTestFactory" name="loginSuccessfully" time="9.770"/>
</testsuite> <!-- automation.testsuite.LoginTestFactory -->
