<?xml version="1.0" encoding="UTF-8"?>
<!-- Generated by org.testng.reporters.JUnitReportReporter -->
<testsuite hostname="WoW" failures="0" tests="1" name="automation.testsuite.AddProject_Test" time="8.422" errors="0" timestamp="2023-09-18T17:37:33 ICT" skipped="0">
  <testcase classname="automation.testsuite.AddProject_Test" name="loginSuccessfully" time="8.422"/>
</testsuite> <!-- automation.testsuite.AddProject_Test -->
