<?xml version="1.0" encoding="UTF-8"?>
<!-- Generated by org.testng.reporters.JUnitReportReporter -->
<testsuite hostname="WoW" failures="0" tests="1" name="AlertBasic.AlertBasic" time="6.520" errors="0" timestamp="2023-08-23T21:07:08 ICT" skipped="0">
  <testcase classname="AlertBasic.AlertBasic" name="TestAlert" time="6.520"/>
</testsuite> <!-- AlertBasic.AlertBasic -->
